  [1m[35mSQL (1.1ms)[0m  [1m[35mCREATE EXTENSION IF NOT EXISTS "plpgsql"[0m
  [1m[35m (0.6ms)[0m  [1m[35mDROP TABLE IF EXISTS "gifts" CASCADE[0m
  [1m[35m (11.2ms)[0m  [1m[35mCREATE TABLE "gifts" ("id" bigserial primary key, "title" character varying NOT NULL, "description" character varying NOT NULL, "guest_id" integer NOT NULL, "created_at" timestamp NOT NULL, "updated_at" timestamp NOT NULL)[0m
  [1m[35m (2.0ms)[0m  [1m[35mCREATE  INDEX  "index_gifts_on_guest_id" ON "gifts"  ("guest_id")[0m
  [1m[35m (0.2ms)[0m  [1m[35mDROP TABLE IF EXISTS "guests" CASCADE[0m
  [1m[35m (4.7ms)[0m  [1m[35mCREATE TABLE "guests" ("id" bigserial primary key, "name" character varying NOT NULL, "age" integer NOT NULL, "favorite_color" character varying NOT NULL, "created_at" timestamp NOT NULL, "updated_at" timestamp NOT NULL)[0m
  [1m[35m (0.3ms)[0m  [1m[35mDROP TABLE IF EXISTS "invitations" CASCADE[0m
  [1m[35m (3.2ms)[0m  [1m[35mCREATE TABLE "invitations" ("id" bigserial primary key, "guest_id" integer, "party_id" integer, "created_at" timestamp NOT NULL, "updated_at" timestamp NOT NULL)[0m
  [1m[35m (1.4ms)[0m  [1m[35mCREATE  INDEX  "index_invitations_on_guest_id" ON "invitations"  ("guest_id")[0m
  [1m[35m (1.6ms)[0m  [1m[35mCREATE  INDEX  "index_invitations_on_party_id" ON "invitations"  ("party_id")[0m
  [1m[35m (0.2ms)[0m  [1m[35mDROP TABLE IF EXISTS "parties" CASCADE[0m
  [1m[35m (5.3ms)[0m  [1m[35mCREATE TABLE "parties" ("id" bigserial primary key, "name" character varying NOT NULL, "location" character varying NOT NULL, "created_at" timestamp NOT NULL, "updated_at" timestamp NOT NULL)[0m
  [1m[35m (4.8ms)[0m  [1m[35mCREATE TABLE "schema_migrations" ("version" character varying NOT NULL PRIMARY KEY)[0m
  [1m[35m (1.5ms)[0m  [1m[34mSELECT "schema_migrations"."version" FROM "schema_migrations" ORDER BY "schema_migrations"."version" ASC[0m
  [1m[35m (1.2ms)[0m  [1m[32mINSERT INTO "schema_migrations" (version) VALUES (20170714204346)[0m
  [1m[35m (0.8ms)[0m  [1m[32mINSERT INTO "schema_migrations" (version) VALUES
(20170714204119),
(20170714204225),
(20170714204315);

[0m
  [1m[35m (4.4ms)[0m  [1m[35mCREATE TABLE "ar_internal_metadata" ("key" character varying NOT NULL PRIMARY KEY, "value" character varying, "created_at" timestamp NOT NULL, "updated_at" timestamp NOT NULL)[0m
  [1m[36mActiveRecord::InternalMetadata Load (0.6ms)[0m  [1m[34mSELECT  "ar_internal_metadata".* FROM "ar_internal_metadata" WHERE "ar_internal_metadata"."key" = $1 LIMIT $2[0m  [["key", "environment"], ["LIMIT", 1]]
  [1m[35m (0.2ms)[0m  [1m[35mBEGIN[0m
  [1m[35mSQL (0.7ms)[0m  [1m[32mINSERT INTO "ar_internal_metadata" ("key", "value", "created_at", "updated_at") VALUES ($1, $2, $3, $4) RETURNING "key"[0m  [["key", "environment"], ["value", "development"], ["created_at", "2018-12-05 21:44:37.667299"], ["updated_at", "2018-12-05 21:44:37.667299"]]
  [1m[35m (0.5ms)[0m  [1m[35mCOMMIT[0m
  [1m[36mActiveRecord::InternalMetadata Load (0.4ms)[0m  [1m[34mSELECT  "ar_internal_metadata".* FROM "ar_internal_metadata" WHERE "ar_internal_metadata"."key" = $1 LIMIT $2[0m  [["key", "environment"], ["LIMIT", 1]]
  [1m[35m (0.2ms)[0m  [1m[35mBEGIN[0m
  [1m[35m (0.2ms)[0m  [1m[35mCOMMIT[0m
  [1m[35mSQL (0.8ms)[0m  [1m[35mCREATE EXTENSION IF NOT EXISTS "plpgsql"[0m
  [1m[35m (0.3ms)[0m  [1m[35mDROP TABLE IF EXISTS "gifts" CASCADE[0m
  [1m[35m (10.1ms)[0m  [1m[35mCREATE TABLE "gifts" ("id" bigserial primary key, "title" character varying NOT NULL, "description" character varying NOT NULL, "guest_id" integer NOT NULL, "created_at" timestamp NOT NULL, "updated_at" timestamp NOT NULL)[0m
  [1m[35m (1.7ms)[0m  [1m[35mCREATE  INDEX  "index_gifts_on_guest_id" ON "gifts"  ("guest_id")[0m
  [1m[35m (0.2ms)[0m  [1m[35mDROP TABLE IF EXISTS "guests" CASCADE[0m
  [1m[35m (4.9ms)[0m  [1m[35mCREATE TABLE "guests" ("id" bigserial primary key, "name" character varying NOT NULL, "age" integer NOT NULL, "favorite_color" character varying NOT NULL, "created_at" timestamp NOT NULL, "updated_at" timestamp NOT NULL)[0m
  [1m[35m (0.4ms)[0m  [1m[35mDROP TABLE IF EXISTS "invitations" CASCADE[0m
  [1m[35m (3.7ms)[0m  [1m[35mCREATE TABLE "invitations" ("id" bigserial primary key, "guest_id" integer, "party_id" integer, "created_at" timestamp NOT NULL, "updated_at" timestamp NOT NULL)[0m
  [1m[35m (1.5ms)[0m  [1m[35mCREATE  INDEX  "index_invitations_on_guest_id" ON "invitations"  ("guest_id")[0m
  [1m[35m (1.6ms)[0m  [1m[35mCREATE  INDEX  "index_invitations_on_party_id" ON "invitations"  ("party_id")[0m
  [1m[35m (0.3ms)[0m  [1m[35mDROP TABLE IF EXISTS "parties" CASCADE[0m
  [1m[35m (4.8ms)[0m  [1m[35mCREATE TABLE "parties" ("id" bigserial primary key, "name" character varying NOT NULL, "location" character varying NOT NULL, "created_at" timestamp NOT NULL, "updated_at" timestamp NOT NULL)[0m
  [1m[35m (3.8ms)[0m  [1m[35mCREATE TABLE "schema_migrations" ("version" character varying NOT NULL PRIMARY KEY)[0m
  [1m[35m (0.9ms)[0m  [1m[34mSELECT "schema_migrations"."version" FROM "schema_migrations" ORDER BY "schema_migrations"."version" ASC[0m
  [1m[35m (1.0ms)[0m  [1m[32mINSERT INTO "schema_migrations" (version) VALUES (20170714204346)[0m
  [1m[35m (0.7ms)[0m  [1m[32mINSERT INTO "schema_migrations" (version) VALUES
(20170714204119),
(20170714204225),
(20170714204315);

[0m
  [1m[35m (5.1ms)[0m  [1m[35mCREATE TABLE "ar_internal_metadata" ("key" character varying NOT NULL PRIMARY KEY, "value" character varying, "created_at" timestamp NOT NULL, "updated_at" timestamp NOT NULL)[0m
  [1m[36mActiveRecord::InternalMetadata Load (1.0ms)[0m  [1m[34mSELECT  "ar_internal_metadata".* FROM "ar_internal_metadata" WHERE "ar_internal_metadata"."key" = $1 LIMIT $2[0m  [["key", "environment"], ["LIMIT", 1]]
  [1m[35m (0.2ms)[0m  [1m[35mBEGIN[0m
  [1m[35mSQL (0.6ms)[0m  [1m[32mINSERT INTO "ar_internal_metadata" ("key", "value", "created_at", "updated_at") VALUES ($1, $2, $3, $4) RETURNING "key"[0m  [["key", "environment"], ["value", "development"], ["created_at", "2018-12-05 21:44:37.773839"], ["updated_at", "2018-12-05 21:44:37.773839"]]
  [1m[35m (0.5ms)[0m  [1m[35mCOMMIT[0m
  [1m[36mActiveRecord::InternalMetadata Load (0.3ms)[0m  [1m[34mSELECT  "ar_internal_metadata".* FROM "ar_internal_metadata" WHERE "ar_internal_metadata"."key" = $1 LIMIT $2[0m  [["key", "environment"], ["LIMIT", 1]]
  [1m[35m (0.1ms)[0m  [1m[35mBEGIN[0m
  [1m[35mSQL (0.5ms)[0m  [1m[33mUPDATE "ar_internal_metadata" SET "value" = $1, "updated_at" = $2 WHERE "ar_internal_metadata"."key" = $3[0m  [["value", "test"], ["updated_at", "2018-12-05 21:44:37.778569"], ["key", "environment"]]
  [1m[35m (0.5ms)[0m  [1m[35mCOMMIT[0m
  [1m[35m (1.2ms)[0m  [1m[34mSELECT "schema_migrations"."version" FROM "schema_migrations" ORDER BY "schema_migrations"."version" ASC[0m
  [1m[35m (0.2ms)[0m  [1m[35mBEGIN[0m
  [1m[35mSQL (1.0ms)[0m  [1m[32mINSERT INTO "guests" ("name", "age", "favorite_color", "created_at", "updated_at") VALUES ($1, $2, $3, $4, $5) RETURNING "id"[0m  [["name", "John Smith"], ["age", 45], ["favorite_color", "Blue"], ["created_at", "2018-12-05 21:44:37.868059"], ["updated_at", "2018-12-05 21:44:37.868059"]]
  [1m[35m (0.5ms)[0m  [1m[35mCOMMIT[0m
  [1m[35m (0.1ms)[0m  [1m[35mBEGIN[0m
  [1m[35mSQL (0.4ms)[0m  [1m[32mINSERT INTO "guests" ("name", "age", "favorite_color", "created_at", "updated_at") VALUES ($1, $2, $3, $4, $5) RETURNING "id"[0m  [["name", "Jane Doe"], ["age", 47], ["favorite_color", "Green"], ["created_at", "2018-12-05 21:44:37.872686"], ["updated_at", "2018-12-05 21:44:37.872686"]]
  [1m[35m (0.5ms)[0m  [1m[35mCOMMIT[0m
  [1m[35m (0.1ms)[0m  [1m[35mBEGIN[0m
  [1m[35mSQL (0.4ms)[0m  [1m[32mINSERT INTO "guests" ("name", "age", "favorite_color", "created_at", "updated_at") VALUES ($1, $2, $3, $4, $5) RETURNING "id"[0m  [["name", "Josh Brown"], ["age", 22], ["favorite_color", "Brown"], ["created_at", "2018-12-05 21:44:37.875697"], ["updated_at", "2018-12-05 21:44:37.875697"]]
  [1m[35m (0.5ms)[0m  [1m[35mCOMMIT[0m
  [1m[35m (0.1ms)[0m  [1m[35mBEGIN[0m
  [1m[35mSQL (0.4ms)[0m  [1m[32mINSERT INTO "guests" ("name", "age", "favorite_color", "created_at", "updated_at") VALUES ($1, $2, $3, $4, $5) RETURNING "id"[0m  [["name", "Helen White"], ["age", 25], ["favorite_color", "White"], ["created_at", "2018-12-05 21:44:37.878478"], ["updated_at", "2018-12-05 21:44:37.878478"]]
  [1m[35m (0.5ms)[0m  [1m[35mCOMMIT[0m
  [1m[35m (0.1ms)[0m  [1m[35mBEGIN[0m
  [1m[35mSQL (0.4ms)[0m  [1m[32mINSERT INTO "guests" ("name", "age", "favorite_color", "created_at", "updated_at") VALUES ($1, $2, $3, $4, $5) RETURNING "id"[0m  [["name", "Job Bluth"], ["age", 41], ["favorite_color", "Red"], ["created_at", "2018-12-05 21:44:37.881234"], ["updated_at", "2018-12-05 21:44:37.881234"]]
  [1m[35m (0.5ms)[0m  [1m[35mCOMMIT[0m
  [1m[35m (0.2ms)[0m  [1m[35mBEGIN[0m
  [1m[35mSQL (1.1ms)[0m  [1m[32mINSERT INTO "gifts" ("title", "description", "guest_id", "created_at", "updated_at") VALUES ($1, $2, $3, $4, $5) RETURNING "id"[0m  [["title", "A Bottle of Wine"], ["description", "This one is not so great."], ["guest_id", 1], ["created_at", "2018-12-05 21:44:37.921799"], ["updated_at", "2018-12-05 21:44:37.921799"]]
  [1m[35m (0.5ms)[0m  [1m[35mCOMMIT[0m
  [1m[35m (0.2ms)[0m  [1m[35mBEGIN[0m
  [1m[35mSQL (0.4ms)[0m  [1m[32mINSERT INTO "gifts" ("title", "description", "guest_id", "created_at", "updated_at") VALUES ($1, $2, $3, $4, $5) RETURNING "id"[0m  [["title", "Another Bottle of Wine"], ["description", "This one is not so bad."], ["guest_id", 1], ["created_at", "2018-12-05 21:44:37.925245"], ["updated_at", "2018-12-05 21:44:37.925245"]]
  [1m[35m (0.4ms)[0m  [1m[35mCOMMIT[0m
  [1m[35m (0.1ms)[0m  [1m[35mBEGIN[0m
  [1m[35mSQL (0.4ms)[0m  [1m[32mINSERT INTO "gifts" ("title", "description", "guest_id", "created_at", "updated_at") VALUES ($1, $2, $3, $4, $5) RETURNING "id"[0m  [["title", "The Hunger Games"], ["description", "A bit dark for a gift, but it's good."], ["guest_id", 2], ["created_at", "2018-12-05 21:44:37.927544"], ["updated_at", "2018-12-05 21:44:37.927544"]]
  [1m[35m (0.5ms)[0m  [1m[35mCOMMIT[0m
  [1m[35m (0.1ms)[0m  [1m[35mBEGIN[0m
  [1m[35mSQL (0.4ms)[0m  [1m[32mINSERT INTO "gifts" ("title", "description", "guest_id", "created_at", "updated_at") VALUES ($1, $2, $3, $4, $5) RETURNING "id"[0m  [["title", "Baseball Glove"], ["description", "Feel like a kid again!"], ["guest_id", 3], ["created_at", "2018-12-05 21:44:37.929841"], ["updated_at", "2018-12-05 21:44:37.929841"]]
  [1m[35m (0.4ms)[0m  [1m[35mCOMMIT[0m
  [1m[35m (0.1ms)[0m  [1m[35mBEGIN[0m
  [1m[35mSQL (0.4ms)[0m  [1m[32mINSERT INTO "gifts" ("title", "description", "guest_id", "created_at", "updated_at") VALUES ($1, $2, $3, $4, $5) RETURNING "id"[0m  [["title", "Basketball Tickets"], ["description", "The team's going 82-0 this year."], ["guest_id", 3], ["created_at", "2018-12-05 21:44:37.932130"], ["updated_at", "2018-12-05 21:44:37.932130"]]
  [1m[35m (0.4ms)[0m  [1m[35mCOMMIT[0m
  [1m[35m (0.1ms)[0m  [1m[35mBEGIN[0m
  [1m[35mSQL (0.4ms)[0m  [1m[32mINSERT INTO "gifts" ("title", "description", "guest_id", "created_at", "updated_at") VALUES ($1, $2, $3, $4, $5) RETURNING "id"[0m  [["title", "Hawaiian Getaway"], ["description", "Helen has the best gifts."], ["guest_id", 4], ["created_at", "2018-12-05 21:44:37.934372"], ["updated_at", "2018-12-05 21:44:37.934372"]]
  [1m[35m (0.4ms)[0m  [1m[35mCOMMIT[0m
  [1m[35m (0.2ms)[0m  [1m[35mBEGIN[0m
  [1m[35mSQL (0.9ms)[0m  [1m[32mINSERT INTO "parties" ("name", "location", "created_at", "updated_at") VALUES ($1, $2, $3, $4) RETURNING "id"[0m  [["name", "Secret Santa Extravaganza"], ["location", "Portland"], ["created_at", "2018-12-05 21:44:37.951934"], ["updated_at", "2018-12-05 21:44:37.951934"]]
  [1m[35m (0.5ms)[0m  [1m[35mCOMMIT[0m
  [1m[35m (0.1ms)[0m  [1m[35mBEGIN[0m
  [1m[35mSQL (0.4ms)[0m  [1m[32mINSERT INTO "parties" ("name", "location", "created_at", "updated_at") VALUES ($1, $2, $3, $4) RETURNING "id"[0m  [["name", "Charles' Christmas Party"], ["location", "San Francisco"], ["created_at", "2018-12-05 21:44:37.955164"], ["updated_at", "2018-12-05 21:44:37.955164"]]
  [1m[35m (0.4ms)[0m  [1m[35mCOMMIT[0m
  [1m[35m (0.2ms)[0m  [1m[35mBEGIN[0m
  [1m[35mSQL (1.0ms)[0m  [1m[32mINSERT INTO "invitations" ("guest_id", "party_id", "created_at", "updated_at") VALUES ($1, $2, $3, $4) RETURNING "id"[0m  [["guest_id", 1], ["party_id", 1], ["created_at", "2018-12-05 21:44:37.971395"], ["updated_at", "2018-12-05 21:44:37.971395"]]
  [1m[35m (0.6ms)[0m  [1m[35mCOMMIT[0m
  [1m[35m (0.2ms)[0m  [1m[35mBEGIN[0m
  [1m[35mSQL (0.5ms)[0m  [1m[32mINSERT INTO "invitations" ("guest_id", "party_id", "created_at", "updated_at") VALUES ($1, $2, $3, $4) RETURNING "id"[0m  [["guest_id", 2], ["party_id", 1], ["created_at", "2018-12-05 21:44:37.975219"], ["updated_at", "2018-12-05 21:44:37.975219"]]
  [1m[35m (0.5ms)[0m  [1m[35mCOMMIT[0m
  [1m[35m (0.2ms)[0m  [1m[35mBEGIN[0m
  [1m[35mSQL (0.4ms)[0m  [1m[32mINSERT INTO "invitations" ("guest_id", "party_id", "created_at", "updated_at") VALUES ($1, $2, $3, $4) RETURNING "id"[0m  [["guest_id", 3], ["party_id", 1], ["created_at", "2018-12-05 21:44:37.978414"], ["updated_at", "2018-12-05 21:44:37.978414"]]
  [1m[35m (0.5ms)[0m  [1m[35mCOMMIT[0m
  [1m[35m (0.1ms)[0m  [1m[35mBEGIN[0m
  [1m[35mSQL (0.4ms)[0m  [1m[32mINSERT INTO "invitations" ("guest_id", "party_id", "created_at", "updated_at") VALUES ($1, $2, $3, $4) RETURNING "id"[0m  [["guest_id", 4], ["party_id", 1], ["created_at", "2018-12-05 21:44:37.980949"], ["updated_at", "2018-12-05 21:44:37.980949"]]
  [1m[35m (0.5ms)[0m  [1m[35mCOMMIT[0m
  [1m[35m (0.2ms)[0m  [1m[35mBEGIN[0m
  [1m[35mSQL (0.4ms)[0m  [1m[32mINSERT INTO "invitations" ("guest_id", "party_id", "created_at", "updated_at") VALUES ($1, $2, $3, $4) RETURNING "id"[0m  [["guest_id", 5], ["party_id", 1], ["created_at", "2018-12-05 21:44:37.983547"], ["updated_at", "2018-12-05 21:44:37.983547"]]
  [1m[35m (0.4ms)[0m  [1m[35mCOMMIT[0m
  [1m[35m (0.1ms)[0m  [1m[35mBEGIN[0m
  [1m[35mSQL (0.4ms)[0m  [1m[32mINSERT INTO "invitations" ("guest_id", "party_id", "created_at", "updated_at") VALUES ($1, $2, $3, $4) RETURNING "id"[0m  [["guest_id", 3], ["party_id", 2], ["created_at", "2018-12-05 21:44:37.985868"], ["updated_at", "2018-12-05 21:44:37.985868"]]
  [1m[35m (0.4ms)[0m  [1m[35mCOMMIT[0m
  [1m[35m (0.1ms)[0m  [1m[35mBEGIN[0m
  [1m[35mSQL (0.4ms)[0m  [1m[32mINSERT INTO "invitations" ("guest_id", "party_id", "created_at", "updated_at") VALUES ($1, $2, $3, $4) RETURNING "id"[0m  [["guest_id", 4], ["party_id", 2], ["created_at", "2018-12-05 21:44:37.988133"], ["updated_at", "2018-12-05 21:44:37.988133"]]
  [1m[35m (0.9ms)[0m  [1m[35mCOMMIT[0m
  [1m[36mGuest Load (1.2ms)[0m  [1m[34mSELECT "guests".* FROM "guests"[0m
Started GET "/" for 127.0.0.1 at 2018-12-05 14:13:36 -0800
  [1m[35m (22.7ms)[0m  [1m[34mSELECT "schema_migrations"."version" FROM "schema_migrations" ORDER BY "schema_migrations"."version" ASC[0m
Processing by Rails::WelcomeController#index as HTML
  Rendering /usr/local/var/rbenv/versions/2.5.0/lib/ruby/gems/2.5.0/gems/railties-5.1.6.1/lib/rails/templates/rails/welcome/index.html.erb
  Rendered /usr/local/var/rbenv/versions/2.5.0/lib/ruby/gems/2.5.0/gems/railties-5.1.6.1/lib/rails/templates/rails/welcome/index.html.erb (5.8ms)
Completed 200 OK in 45ms (Views: 39.5ms | ActiveRecord: 0.0ms)


Started GET "/guest" for 127.0.0.1 at 2018-12-05 14:13:47 -0800
  
ActionController::RoutingError (No route matches [GET] "/guest"):
  
actionpack (5.1.6.1) lib/action_dispatch/middleware/debug_exceptions.rb:63:in `call'
web-console (3.7.0) lib/web_console/middleware.rb:135:in `call_app'
web-console (3.7.0) lib/web_console/middleware.rb:30:in `block in call'
web-console (3.7.0) lib/web_console/middleware.rb:20:in `catch'
web-console (3.7.0) lib/web_console/middleware.rb:20:in `call'
actionpack (5.1.6.1) lib/action_dispatch/middleware/show_exceptions.rb:31:in `call'
railties (5.1.6.1) lib/rails/rack/logger.rb:36:in `call_app'
railties (5.1.6.1) lib/rails/rack/logger.rb:24:in `block in call'
activesupport (5.1.6.1) lib/active_support/tagged_logging.rb:69:in `block in tagged'
activesupport (5.1.6.1) lib/active_support/tagged_logging.rb:26:in `tagged'
activesupport (5.1.6.1) lib/active_support/tagged_logging.rb:69:in `tagged'
railties (5.1.6.1) lib/rails/rack/logger.rb:24:in `call'
sprockets-rails (3.2.1) lib/sprockets/rails/quiet_assets.rb:13:in `call'
actionpack (5.1.6.1) lib/action_dispatch/middleware/remote_ip.rb:79:in `call'
actionpack (5.1.6.1) lib/action_dispatch/middleware/request_id.rb:25:in `call'
rack (2.0.6) lib/rack/method_override.rb:22:in `call'
rack (2.0.6) lib/rack/runtime.rb:22:in `call'
activesupport (5.1.6.1) lib/active_support/cache/strategy/local_cache_middleware.rb:27:in `call'
actionpack (5.1.6.1) lib/action_dispatch/middleware/executor.rb:12:in `call'
actionpack (5.1.6.1) lib/action_dispatch/middleware/static.rb:125:in `call'
rack (2.0.6) lib/rack/sendfile.rb:111:in `call'
railties (5.1.6.1) lib/rails/engine.rb:522:in `call'
puma (3.12.0) lib/puma/configuration.rb:225:in `call'
puma (3.12.0) lib/puma/server.rb:658:in `handle_request'
puma (3.12.0) lib/puma/server.rb:472:in `process_client'
puma (3.12.0) lib/puma/server.rb:332:in `block in run'
puma (3.12.0) lib/puma/thread_pool.rb:133:in `block in spawn_thread'
Started GET "/api/guest" for 127.0.0.1 at 2018-12-05 14:13:55 -0800
  
ActionController::RoutingError (No route matches [GET] "/api/guest"):
  
actionpack (5.1.6.1) lib/action_dispatch/middleware/debug_exceptions.rb:63:in `call'
web-console (3.7.0) lib/web_console/middleware.rb:135:in `call_app'
web-console (3.7.0) lib/web_console/middleware.rb:30:in `block in call'
web-console (3.7.0) lib/web_console/middleware.rb:20:in `catch'
web-console (3.7.0) lib/web_console/middleware.rb:20:in `call'
actionpack (5.1.6.1) lib/action_dispatch/middleware/show_exceptions.rb:31:in `call'
railties (5.1.6.1) lib/rails/rack/logger.rb:36:in `call_app'
railties (5.1.6.1) lib/rails/rack/logger.rb:24:in `block in call'
activesupport (5.1.6.1) lib/active_support/tagged_logging.rb:69:in `block in tagged'
activesupport (5.1.6.1) lib/active_support/tagged_logging.rb:26:in `tagged'
activesupport (5.1.6.1) lib/active_support/tagged_logging.rb:69:in `tagged'
railties (5.1.6.1) lib/rails/rack/logger.rb:24:in `call'
sprockets-rails (3.2.1) lib/sprockets/rails/quiet_assets.rb:13:in `call'
actionpack (5.1.6.1) lib/action_dispatch/middleware/remote_ip.rb:79:in `call'
actionpack (5.1.6.1) lib/action_dispatch/middleware/request_id.rb:25:in `call'
rack (2.0.6) lib/rack/method_override.rb:22:in `call'
rack (2.0.6) lib/rack/runtime.rb:22:in `call'
activesupport (5.1.6.1) lib/active_support/cache/strategy/local_cache_middleware.rb:27:in `call'
actionpack (5.1.6.1) lib/action_dispatch/middleware/executor.rb:12:in `call'
actionpack (5.1.6.1) lib/action_dispatch/middleware/static.rb:125:in `call'
rack (2.0.6) lib/rack/sendfile.rb:111:in `call'
railties (5.1.6.1) lib/rails/engine.rb:522:in `call'
puma (3.12.0) lib/puma/configuration.rb:225:in `call'
puma (3.12.0) lib/puma/server.rb:658:in `handle_request'
puma (3.12.0) lib/puma/server.rb:472:in `process_client'
puma (3.12.0) lib/puma/server.rb:332:in `block in run'
puma (3.12.0) lib/puma/thread_pool.rb:133:in `block in spawn_thread'
Started GET "/api/guests" for 127.0.0.1 at 2018-12-05 14:14:00 -0800
Processing by Api::GuestsController#index as JSON
Completed 500 Internal Server Error in 28ms (ActiveRecord: 0.0ms)



ActionView::MissingTemplate - Missing template api/guests/index, application/index with {:locale=>[:en], :formats=>[:json], :variants=>[], :handlers=>[:raw, :erb, :html, :builder, :ruby, :coffee, :jbuilder]}. Searched in:
  * "/Users/appacademy/Desktop/W7D3/app/views"
:
  app/controllers/api/guests_controller.rb:4:in `index'

Started POST "/__better_errors/258ffd2567f107f8/variables" for 127.0.0.1 at 2018-12-05 14:14:00 -0800
  [1m[36mGuest Load (6.0ms)[0m  [1m[34mSELECT  "guests".* FROM "guests" LIMIT $1[0m  [["LIMIT", 11]]
  [1m[36mCACHE Guest Load (0.0ms)[0m  [1m[34mSELECT  "guests".* FROM "guests" LIMIT $1[0m  [["LIMIT", 11]]
  [1m[36mCACHE Guest Load (0.0ms)[0m  [1m[34mSELECT  "guests".* FROM "guests" LIMIT $1[0m  [["LIMIT", 11]]
Started GET "/api/index" for 127.0.0.1 at 2018-12-05 14:14:12 -0800
  
ActionController::RoutingError (No route matches [GET] "/api/index"):
  
actionpack (5.1.6.1) lib/action_dispatch/middleware/debug_exceptions.rb:63:in `call'
web-console (3.7.0) lib/web_console/middleware.rb:135:in `call_app'
web-console (3.7.0) lib/web_console/middleware.rb:30:in `block in call'
web-console (3.7.0) lib/web_console/middleware.rb:20:in `catch'
web-console (3.7.0) lib/web_console/middleware.rb:20:in `call'
actionpack (5.1.6.1) lib/action_dispatch/middleware/show_exceptions.rb:31:in `call'
railties (5.1.6.1) lib/rails/rack/logger.rb:36:in `call_app'
railties (5.1.6.1) lib/rails/rack/logger.rb:24:in `block in call'
activesupport (5.1.6.1) lib/active_support/tagged_logging.rb:69:in `block in tagged'
activesupport (5.1.6.1) lib/active_support/tagged_logging.rb:26:in `tagged'
activesupport (5.1.6.1) lib/active_support/tagged_logging.rb:69:in `tagged'
railties (5.1.6.1) lib/rails/rack/logger.rb:24:in `call'
sprockets-rails (3.2.1) lib/sprockets/rails/quiet_assets.rb:13:in `call'
actionpack (5.1.6.1) lib/action_dispatch/middleware/remote_ip.rb:79:in `call'
actionpack (5.1.6.1) lib/action_dispatch/middleware/request_id.rb:25:in `call'
rack (2.0.6) lib/rack/method_override.rb:22:in `call'
rack (2.0.6) lib/rack/runtime.rb:22:in `call'
activesupport (5.1.6.1) lib/active_support/cache/strategy/local_cache_middleware.rb:27:in `call'
actionpack (5.1.6.1) lib/action_dispatch/middleware/executor.rb:12:in `call'
actionpack (5.1.6.1) lib/action_dispatch/middleware/static.rb:125:in `call'
rack (2.0.6) lib/rack/sendfile.rb:111:in `call'
railties (5.1.6.1) lib/rails/engine.rb:522:in `call'
puma (3.12.0) lib/puma/configuration.rb:225:in `call'
puma (3.12.0) lib/puma/server.rb:658:in `handle_request'
puma (3.12.0) lib/puma/server.rb:472:in `process_client'
puma (3.12.0) lib/puma/server.rb:332:in `block in run'
puma (3.12.0) lib/puma/thread_pool.rb:133:in `block in spawn_thread'
Started GET "/api/guests/1" for 127.0.0.1 at 2018-12-05 14:14:19 -0800
Processing by Api::GuestsController#show as JSON
  Parameters: {"id"=>"1"}
  [1m[36mGuest Load (0.7ms)[0m  [1m[34mSELECT  "guests".* FROM "guests" WHERE "guests"."id" = $1 LIMIT $2[0m  [["id", 1], ["LIMIT", 1]]
  Rendering api/guests/show.json.jbuilder
  Rendered api/guests/show.json.jbuilder (17.2ms)
Completed 200 OK in 90ms (Views: 34.1ms | ActiveRecord: 1.1ms)


Started GET "/api/guests/1" for 127.0.0.1 at 2018-12-05 14:16:07 -0800
Processing by Api::GuestsController#show as JSON
  Parameters: {"id"=>"1"}
  [1m[36mGuest Load (0.5ms)[0m  [1m[34mSELECT  "guests".* FROM "guests" WHERE "guests"."id" = $1 LIMIT $2[0m  [["id", 1], ["LIMIT", 1]]
  Rendering api/guests/show.json.jbuilder
  Rendered api/guests/show.json.jbuilder (0.5ms)
Completed 200 OK in 13ms (Views: 10.5ms | ActiveRecord: 0.7ms)


Started GET "/api/guests/1" for 127.0.0.1 at 2018-12-05 14:16:40 -0800
Processing by Api::GuestsController#show as JSON
  Parameters: {"id"=>"1"}
  [1m[36mGuest Load (0.7ms)[0m  [1m[34mSELECT  "guests".* FROM "guests" WHERE "guests"."id" = $1 LIMIT $2[0m  [["id", 1], ["LIMIT", 1]]
  Rendering api/guests/show.json.jbuilder
  Rendered api/guests/show.json.jbuilder (0.6ms)
Completed 200 OK in 15ms (Views: 11.7ms | ActiveRecord: 0.7ms)


Started GET "/api/guests/1" for 127.0.0.1 at 2018-12-05 14:16:41 -0800
Processing by Api::GuestsController#show as JSON
  Parameters: {"id"=>"1"}
  [1m[36mGuest Load (0.6ms)[0m  [1m[34mSELECT  "guests".* FROM "guests" WHERE "guests"."id" = $1 LIMIT $2[0m  [["id", 1], ["LIMIT", 1]]
  Rendering api/guests/show.json.jbuilder
  Rendered api/guests/show.json.jbuilder (0.5ms)
Completed 200 OK in 12ms (Views: 9.5ms | ActiveRecord: 0.6ms)


Started GET "/api/guests/1" for 127.0.0.1 at 2018-12-05 14:16:48 -0800
Processing by Api::GuestsController#show as JSON
  Parameters: {"id"=>"1"}
  [1m[36mGuest Load (0.6ms)[0m  [1m[34mSELECT  "guests".* FROM "guests" WHERE "guests"."id" = $1 LIMIT $2[0m  [["id", 1], ["LIMIT", 1]]
  Rendering api/guests/show.json.jbuilder
  Rendered api/guests/show.json.jbuilder (0.5ms)
Completed 200 OK in 11ms (Views: 8.7ms | ActiveRecord: 0.6ms)


Started GET "/api/guests" for 127.0.0.1 at 2018-12-05 14:21:55 -0800
Processing by Api::GuestsController#index as JSON
  Rendering api/guests/index.json.jbuilder
  Rendered api/guests/index.json.jbuilder (1.9ms)
Completed 500 Internal Server Error in 13ms (ActiveRecord: 0.0ms)



SyntaxError - syntax error, unexpected =>, expecting '}'
...ay! @guests.forEach {(guest) => 
...                             ^~
/Users/appacademy/Desktop/W7D3/app/views/api/guests/index.json.jbuilder:2: syntax error, unexpected '}', expecting keyword_end
  guest.name}
            ^:
  app/views/api/guests/index.json.jbuilder:1:in `'
  app/controllers/api/guests_controller.rb:4:in `index'

Started POST "/__better_errors/158af19fa9a3abc5/variables" for 127.0.0.1 at 2018-12-05 14:21:56 -0800
Started GET "/api/guests" for 127.0.0.1 at 2018-12-05 14:22:21 -0800
Processing by Api::GuestsController#index as JSON
  Rendering api/guests/index.json.jbuilder
  [1m[36mGuest Load (0.6ms)[0m  [1m[34mSELECT "guests".* FROM "guests"[0m
  Rendered api/guests/index.json.jbuilder (3.6ms)
Completed 200 OK in 12ms (Views: 11.3ms | ActiveRecord: 0.6ms)


Started GET "/api/guests" for 127.0.0.1 at 2018-12-05 14:22:53 -0800
Processing by Api::GuestsController#index as JSON
  Rendering api/guests/index.json.jbuilder
  [1m[36mGuest Load (0.7ms)[0m  [1m[34mSELECT "guests".* FROM "guests"[0m
  Rendered api/guests/index.json.jbuilder (3.6ms)
Completed 200 OK in 13ms (Views: 12.5ms | ActiveRecord: 0.7ms)


Started GET "/api/guests" for 127.0.0.1 at 2018-12-05 14:24:45 -0800
Processing by Api::GuestsController#index as JSON
  Rendering api/guests/index.json.jbuilder
  [1m[36mGuest Load (0.8ms)[0m  [1m[34mSELECT  "guests".* FROM "guests" LIMIT $1[0m  [["LIMIT", 11]]
  [1m[36mCACHE Guest Load (0.0ms)[0m  [1m[34mSELECT  "guests".* FROM "guests" LIMIT $1[0m  [["LIMIT", 11]]
  [1m[36mCACHE Guest Load (0.0ms)[0m  [1m[34mSELECT  "guests".* FROM "guests" LIMIT $1[0m  [["LIMIT", 11]]
  [1m[36mCACHE Guest Load (0.1ms)[0m  [1m[34mSELECT  "guests".* FROM "guests" LIMIT $1[0m  [["LIMIT", 11]]
  [1m[36mCACHE Guest Load (0.0ms)[0m  [1m[34mSELECT  "guests".* FROM "guests" LIMIT $1[0m  [["LIMIT", 11]]
  [1m[36mCACHE Guest Load (0.0ms)[0m  [1m[34mSELECT  "guests".* FROM "guests" LIMIT $1[0m  [["LIMIT", 11]]
  [1m[36mCACHE Guest Load (0.0ms)[0m  [1m[34mSELECT  "guests".* FROM "guests" LIMIT $1[0m  [["LIMIT", 11]]
  [1m[36mCACHE Guest Load (0.0ms)[0m  [1m[34mSELECT  "guests".* FROM "guests" LIMIT $1[0m  [["LIMIT", 11]]
  [1m[36mCACHE Guest Load (0.0ms)[0m  [1m[34mSELECT  "guests".* FROM "guests" LIMIT $1[0m  [["LIMIT", 11]]
  [1m[36mCACHE Guest Load (0.0ms)[0m  [1m[34mSELECT  "guests".* FROM "guests" LIMIT $1[0m  [["LIMIT", 11]]
  [1m[36mCACHE Guest Load (0.0ms)[0m  [1m[34mSELECT  "guests".* FROM "guests" LIMIT $1[0m  [["LIMIT", 11]]
  [1m[36mCACHE Guest Load (0.0ms)[0m  [1m[34mSELECT  "guests".* FROM "guests" LIMIT $1[0m  [["LIMIT", 11]]
  [1m[36mCACHE Guest Load (0.0ms)[0m  [1m[34mSELECT  "guests".* FROM "guests" LIMIT $1[0m  [["LIMIT", 11]]
  [1m[36mCACHE Guest Load (0.0ms)[0m  [1m[34mSELECT  "guests".* FROM "guests" LIMIT $1[0m  [["LIMIT", 11]]
  [1m[36mCACHE Guest Load (0.0ms)[0m  [1m[34mSELECT  "guests".* FROM "guests" LIMIT $1[0m  [["LIMIT", 11]]
  [1m[36mCACHE Guest Load (0.0ms)[0m  [1m[34mSELECT  "guests".* FROM "guests" LIMIT $1[0m  [["LIMIT", 11]]
  [1m[36mCACHE Guest Load (0.0ms)[0m  [1m[34mSELECT  "guests".* FROM "guests" LIMIT $1[0m  [["LIMIT", 11]]
  [1m[36mCACHE Guest Load (0.0ms)[0m  [1m[34mSELECT  "guests".* FROM "guests" LIMIT $1[0m  [["LIMIT", 11]]
  [1m[36mCACHE Guest Load (0.0ms)[0m  [1m[34mSELECT  "guests".* FROM "guests" LIMIT $1[0m  [["LIMIT", 11]]
  [1m[36mCACHE Guest Load (0.0ms)[0m  [1m[34mSELECT  "guests".* FROM "guests" LIMIT $1[0m  [["LIMIT", 11]]
  Rendered api/guests/index.json.jbuilder (401.2ms)
Completed 500 Internal Server Error in 410ms (ActiveRecord: 1.4ms)


  [1m[36mCACHE Guest Load (0.0ms)[0m  [1m[34mSELECT  "guests".* FROM "guests" LIMIT $1[0m  [["LIMIT", 11]]
  [1m[36mCACHE Guest Load (0.0ms)[0m  [1m[34mSELECT  "guests".* FROM "guests" LIMIT $1[0m  [["LIMIT", 11]]
  [1m[36mCACHE Guest Load (0.0ms)[0m  [1m[34mSELECT  "guests".* FROM "guests" LIMIT $1[0m  [["LIMIT", 11]]
  [1m[36mCACHE Guest Load (0.0ms)[0m  [1m[34mSELECT  "guests".* FROM "guests" LIMIT $1[0m  [["LIMIT", 11]]
  [1m[36mCACHE Guest Load (0.0ms)[0m  [1m[34mSELECT  "guests".* FROM "guests" LIMIT $1[0m  [["LIMIT", 11]]
  [1m[36mCACHE Guest Load (0.0ms)[0m  [1m[34mSELECT  "guests".* FROM "guests" LIMIT $1[0m  [["LIMIT", 11]]
  [1m[36mCACHE Guest Load (0.0ms)[0m  [1m[34mSELECT  "guests".* FROM "guests" LIMIT $1[0m  [["LIMIT", 11]]
  [1m[36mCACHE Guest Load (0.0ms)[0m  [1m[34mSELECT  "guests".* FROM "guests" LIMIT $1[0m  [["LIMIT", 11]]
  [1m[36mCACHE Guest Load (0.0ms)[0m  [1m[34mSELECT  "guests".* FROM "guests" LIMIT $1[0m  [["LIMIT", 11]]
  [1m[36mCACHE Guest Load (0.0ms)[0m  [1m[34mSELECT  "guests".* FROM "guests" LIMIT $1[0m  [["LIMIT", 11]]

NameError - undefined local variable or method `guest' for #<#<Class:0x00007f8c7f1ce928>:0x00007f8c815482c8>
Did you mean?  @guests:
  app/views/api/guests/index.json.jbuilder:2:in `_app_views_api_guests_index_json_jbuilder___2076915532231167955_70120720946980'
  app/controllers/api/guests_controller.rb:4:in `index'

Started POST "/__better_errors/0f52bc9bf647def3/variables" for 127.0.0.1 at 2018-12-05 14:24:46 -0800
  [1m[36mGuest Load (0.7ms)[0m  [1m[34mSELECT  "guests".* FROM "guests" LIMIT $1[0m  [["LIMIT", 11]]
  [1m[36mCACHE Guest Load (0.0ms)[0m  [1m[34mSELECT  "guests".* FROM "guests" LIMIT $1[0m  [["LIMIT", 11]]
  [1m[36mCACHE Guest Load (0.0ms)[0m  [1m[34mSELECT  "guests".* FROM "guests" LIMIT $1[0m  [["LIMIT", 11]]
  [1m[36mCACHE Guest Load (0.0ms)[0m  [1m[34mSELECT  "guests".* FROM "guests" LIMIT $1[0m  [["LIMIT", 11]]
  [1m[36mCACHE Guest Load (0.0ms)[0m  [1m[34mSELECT  "guests".* FROM "guests" LIMIT $1[0m  [["LIMIT", 11]]
  [1m[36mCACHE Guest Load (0.0ms)[0m  [1m[34mSELECT  "guests".* FROM "guests" LIMIT $1[0m  [["LIMIT", 11]]
  [1m[36mCACHE Guest Load (0.0ms)[0m  [1m[34mSELECT  "guests".* FROM "guests" LIMIT $1[0m  [["LIMIT", 11]]
  [1m[36mCACHE Guest Load (0.0ms)[0m  [1m[34mSELECT  "guests".* FROM "guests" LIMIT $1[0m  [["LIMIT", 11]]
  [1m[36mCACHE Guest Load (0.0ms)[0m  [1m[34mSELECT  "guests".* FROM "guests" LIMIT $1[0m  [["LIMIT", 11]]
  [1m[36mCACHE Guest Load (0.0ms)[0m  [1m[34mSELECT  "guests".* FROM "guests" LIMIT $1[0m  [["LIMIT", 11]]
  [1m[36mCACHE Guest Load (0.0ms)[0m  [1m[34mSELECT  "guests".* FROM "guests" LIMIT $1[0m  [["LIMIT", 11]]
  [1m[36mCACHE Guest Load (0.0ms)[0m  [1m[34mSELECT  "guests".* FROM "guests" LIMIT $1[0m  [["LIMIT", 11]]
  [1m[36mCACHE Guest Load (0.0ms)[0m  [1m[34mSELECT  "guests".* FROM "guests" LIMIT $1[0m  [["LIMIT", 11]]
  [1m[36mCACHE Guest Load (0.0ms)[0m  [1m[34mSELECT  "guests".* FROM "guests" LIMIT $1[0m  [["LIMIT", 11]]
  [1m[36mCACHE Guest Load (0.0ms)[0m  [1m[34mSELECT  "guests".* FROM "guests" LIMIT $1[0m  [["LIMIT", 11]]
  [1m[36mCACHE Guest Load (0.0ms)[0m  [1m[34mSELECT  "guests".* FROM "guests" LIMIT $1[0m  [["LIMIT", 11]]
  [1m[36mCACHE Guest Load (0.0ms)[0m  [1m[34mSELECT  "guests".* FROM "guests" LIMIT $1[0m  [["LIMIT", 11]]
  [1m[36mCACHE Guest Load (0.0ms)[0m  [1m[34mSELECT  "guests".* FROM "guests" LIMIT $1[0m  [["LIMIT", 11]]
Started GET "/api/guests" for 127.0.0.1 at 2018-12-05 14:26:50 -0800
Processing by Api::GuestsController#index as JSON
  Rendering api/guests/index.json.jbuilder
  Rendered api/guests/index.json.jbuilder (0.8ms)
Completed 500 Internal Server Error in 10ms (ActiveRecord: 0.0ms)



SyntaxError - syntax error, unexpected ':', expecting keyword_end
...); json.array! @guests, :name :age
...                              ^:
  app/views/api/guests/index.json.jbuilder:1:in `'
  app/controllers/api/guests_controller.rb:4:in `index'

Started POST "/__better_errors/62b734b64998ce5f/variables" for 127.0.0.1 at 2018-12-05 14:26:50 -0800
Started GET "/api/guests" for 127.0.0.1 at 2018-12-05 14:26:55 -0800
Processing by Api::GuestsController#index as JSON
  Rendering api/guests/index.json.jbuilder
  [1m[36mGuest Load (0.9ms)[0m  [1m[34mSELECT "guests".* FROM "guests"[0m
  Rendered api/guests/index.json.jbuilder (3.6ms)
Completed 200 OK in 15ms (Views: 13.3ms | ActiveRecord: 0.9ms)


Started GET "/api/guests" for 127.0.0.1 at 2018-12-05 14:30:56 -0800
Processing by Api::GuestsController#index as JSON
  Rendering api/guests/index.json.jbuilder
  Rendered api/guests/index.json.jbuilder (0.8ms)
Completed 500 Internal Server Error in 9ms (ActiveRecord: 0.0ms)



SyntaxError - syntax error, unexpected end-of-input, expecting keyword_end
          end
             ^:
  app/views/api/guests/index.json.jbuilder:9:in `'
  app/controllers/api/guests_controller.rb:4:in `index'

Started POST "/__better_errors/867ba33946614f8b/variables" for 127.0.0.1 at 2018-12-05 14:30:56 -0800
Started GET "/api/guests" for 127.0.0.1 at 2018-12-05 14:31:42 -0800
Processing by Api::GuestsController#index as JSON
  Rendering api/guests/index.json.jbuilder
  [1m[36mGuest Load (0.5ms)[0m  [1m[34mSELECT "guests".* FROM "guests"[0m
  Rendered api/guests/index.json.jbuilder (2.6ms)
Completed 200 OK in 12ms (Views: 11.3ms | ActiveRecord: 0.5ms)


Started GET "/api/guests" for 127.0.0.1 at 2018-12-05 14:31:58 -0800
Processing by Api::GuestsController#index as JSON
  Rendering api/guests/index.json.jbuilder
  [1m[36mGuest Load (0.5ms)[0m  [1m[34mSELECT "guests".* FROM "guests"[0m
  Rendered api/guests/index.json.jbuilder (2.7ms)
Completed 200 OK in 12ms (Views: 11.1ms | ActiveRecord: 0.5ms)


Started GET "/api/guests" for 127.0.0.1 at 2018-12-05 14:33:02 -0800
Processing by Api::GuestsController#index as JSON
  Rendering api/guests/index.json.jbuilder
  [1m[36mGuest Load (0.4ms)[0m  [1m[34mSELECT "guests".* FROM "guests"[0m
  Rendered api/guests/index.json.jbuilder (2.1ms)
Completed 200 OK in 11ms (Views: 10.5ms | ActiveRecord: 0.4ms)


Started GET "/api/guests" for 127.0.0.1 at 2018-12-05 14:33:13 -0800
Processing by Api::GuestsController#index as JSON
  Rendering api/guests/index.json.jbuilder
  [1m[36mGuest Load (0.5ms)[0m  [1m[34mSELECT "guests".* FROM "guests"[0m
  Rendered api/guests/index.json.jbuilder (2.7ms)
Completed 200 OK in 13ms (Views: 12.2ms | ActiveRecord: 0.5ms)


Started GET "/api/guests" for 127.0.0.1 at 2018-12-05 14:33:59 -0800
Processing by Api::GuestsController#index as JSON
  Rendering api/guests/index.json.jbuilder
  [1m[36mGuest Load (0.5ms)[0m  [1m[34mSELECT "guests".* FROM "guests"[0m
  Rendered api/guests/index.json.jbuilder (3.0ms)
Completed 200 OK in 10ms (Views: 9.6ms | ActiveRecord: 0.5ms)


Started GET "/api/guests" for 127.0.0.1 at 2018-12-05 14:34:21 -0800
Processing by Api::GuestsController#index as JSON
  Rendering api/guests/index.json.jbuilder
  [1m[36mGuest Load (0.6ms)[0m  [1m[34mSELECT "guests".* FROM "guests"[0m
  [1m[36mGuest Load (0.7ms)[0m  [1m[34mSELECT  "guests".* FROM "guests" LIMIT $1[0m  [["LIMIT", 11]]
  [1m[36mCACHE Guest Load (0.0ms)[0m  [1m[34mSELECT  "guests".* FROM "guests" LIMIT $1[0m  [["LIMIT", 11]]
  [1m[36mCACHE Guest Load (0.0ms)[0m  [1m[34mSELECT  "guests".* FROM "guests" LIMIT $1[0m  [["LIMIT", 11]]
  [1m[36mCACHE Guest Load (0.0ms)[0m  [1m[34mSELECT  "guests".* FROM "guests" LIMIT $1[0m  [["LIMIT", 11]]
  [1m[36mCACHE Guest Load (0.0ms)[0m  [1m[34mSELECT  "guests".* FROM "guests" LIMIT $1[0m  [["LIMIT", 11]]
  [1m[36mCACHE Guest Load (0.0ms)[0m  [1m[34mSELECT  "guests".* FROM "guests" LIMIT $1[0m  [["LIMIT", 11]]
  Rendered api/guests/index.json.jbuilder (185.1ms)
Completed 500 Internal Server Error in 194ms (ActiveRecord: 1.4ms)


  [1m[36mCACHE Guest Load (0.0ms)[0m  [1m[34mSELECT  "guests".* FROM "guests" LIMIT $1[0m  [["LIMIT", 11]]
  [1m[36mCACHE Guest Load (0.0ms)[0m  [1m[34mSELECT  "guests".* FROM "guests" LIMIT $1[0m  [["LIMIT", 11]]
  [1m[36mCACHE Guest Load (0.0ms)[0m  [1m[34mSELECT  "guests".* FROM "guests" LIMIT $1[0m  [["LIMIT", 11]]
  [1m[36mCACHE Guest Load (0.0ms)[0m  [1m[34mSELECT  "guests".* FROM "guests" LIMIT $1[0m  [["LIMIT", 11]]
  [1m[36mCACHE Guest Load (0.0ms)[0m  [1m[34mSELECT  "guests".* FROM "guests" LIMIT $1[0m  [["LIMIT", 11]]
  [1m[36mCACHE Guest Load (0.0ms)[0m  [1m[34mSELECT  "guests".* FROM "guests" LIMIT $1[0m  [["LIMIT", 11]]

NoMethodError - undefined method `name' for #<#<Class:0x00007f8c7f1ce928>:0x00007f8c81526d80>:
  app/views/api/guests/index.json.jbuilder:4:in `block in _app_views_api_guests_index_json_jbuilder___2076915532231167955_70120720903460'
  app/views/api/guests/index.json.jbuilder:3:in `_app_views_api_guests_index_json_jbuilder___2076915532231167955_70120720903460'
  app/controllers/api/guests_controller.rb:4:in `index'

Started POST "/__better_errors/8d843b913d8e0cd3/variables" for 127.0.0.1 at 2018-12-05 14:34:22 -0800
Started GET "/api/guests" for 127.0.0.1 at 2018-12-05 14:34:31 -0800
Processing by Api::GuestsController#index as JSON
  Rendering api/guests/index.json.jbuilder
  Rendered api/guests/index.json.jbuilder (2.5ms)
Completed 500 Internal Server Error in 13ms (ActiveRecord: 0.0ms)



SyntaxError - syntax error, unexpected tIDENTIFIER, expecting keyword_end
  "name" guest.name
         ^~~~~
/Users/appacademy/Desktop/W7D3/app/views/api/guests/index.json.jbuilder:8: syntax error, unexpected keyword_ensure, expecting end-of-input
          ensure
          ^~~~~~:
  app/views/api/guests/index.json.jbuilder:4:in `'
  app/controllers/api/guests_controller.rb:4:in `index'

Started POST "/__better_errors/b73f1d6599d3f36c/variables" for 127.0.0.1 at 2018-12-05 14:34:31 -0800
Started GET "/api/guests" for 127.0.0.1 at 2018-12-05 14:39:01 -0800
Processing by Api::GuestsController#index as JSON
  Rendering api/guests/index.json.jbuilder
  [1m[36mGuest Load (0.7ms)[0m  [1m[34mSELECT "guests".* FROM "guests"[0m
  Rendered api/guests/index.json.jbuilder (3.5ms)
Completed 200 OK in 11ms (Views: 10.3ms | ActiveRecord: 0.7ms)


Started GET "/api/guests" for 127.0.0.1 at 2018-12-05 14:39:48 -0800
Processing by Api::GuestsController#index as JSON
  Rendering api/guests/index.json.jbuilder
  [1m[36mGuest Load (0.5ms)[0m  [1m[34mSELECT "guests".* FROM "guests"[0m
  Rendered api/guests/index.json.jbuilder (3.4ms)
Completed 200 OK in 12ms (Views: 11.0ms | ActiveRecord: 0.5ms)


Started GET "/api/guests" for 127.0.0.1 at 2018-12-05 14:42:07 -0800
Processing by Api::GuestsController#index as JSON
  Rendering api/guests/index.json.jbuilder
  [1m[36mGuest Load (0.6ms)[0m  [1m[34mSELECT "guests".* FROM "guests"[0m
  Rendered api/guests/index.json.jbuilder (3.0ms)
Completed 200 OK in 12ms (Views: 11.6ms | ActiveRecord: 0.6ms)


Started GET "/api/guests" for 127.0.0.1 at 2018-12-05 14:44:15 -0800
Processing by Api::GuestsController#index as JSON
  Rendering api/guests/index.json.jbuilder
  [1m[36mGuest Load (0.7ms)[0m  [1m[34mSELECT "guests".* FROM "guests"[0m
  Rendered api/guests/index.json.jbuilder (3.7ms)
Completed 200 OK in 13ms (Views: 11.9ms | ActiveRecord: 0.7ms)


Started GET "/api/guests" for 127.0.0.1 at 2018-12-05 14:44:31 -0800
Processing by Api::GuestsController#index as JSON
  Rendering api/guests/index.json.jbuilder
  [1m[36mGuest Load (0.6ms)[0m  [1m[34mSELECT "guests".* FROM "guests"[0m
  Rendered api/guests/index.json.jbuilder (3.7ms)
Completed 200 OK in 13ms (Views: 11.9ms | ActiveRecord: 0.6ms)


Started GET "/api/guests" for 127.0.0.1 at 2018-12-05 14:45:26 -0800
Processing by Api::GuestsController#index as JSON
  Rendering api/guests/index.json.jbuilder
  [1m[36mGuest Load (0.6ms)[0m  [1m[34mSELECT "guests".* FROM "guests"[0m
  Rendered api/guests/index.json.jbuilder (3.1ms)
Completed 200 OK in 11ms (Views: 10.1ms | ActiveRecord: 0.6ms)


