  [1m[35mSQL (1.1ms)[0m  [1m[35mCREATE EXTENSION IF NOT EXISTS "plpgsql"[0m
  [1m[35m (0.6ms)[0m  [1m[35mDROP TABLE IF EXISTS "gifts" CASCADE[0m
  [1m[35m (11.2ms)[0m  [1m[35mCREATE TABLE "gifts" ("id" bigserial primary key, "title" character varying NOT NULL, "description" character varying NOT NULL, "guest_id" integer NOT NULL, "created_at" timestamp NOT NULL, "updated_at" timestamp NOT NULL)[0m
  [1m[35m (2.0ms)[0m  [1m[35mCREATE  INDEX  "index_gifts_on_guest_id" ON "gifts"  ("guest_id")[0m
  [1m[35m (0.2ms)[0m  [1m[35mDROP TABLE IF EXISTS "guests" CASCADE[0m
  [1m[35m (4.7ms)[0m  [1m[35mCREATE TABLE "guests" ("id" bigserial primary key, "name" character varying NOT NULL, "age" integer NOT NULL, "favorite_color" character varying NOT NULL, "created_at" timestamp NOT NULL, "updated_at" timestamp NOT NULL)[0m
  [1m[35m (0.3ms)[0m  [1m[35mDROP TABLE IF EXISTS "invitations" CASCADE[0m
  [1m[35m (3.2ms)[0m  [1m[35mCREATE TABLE "invitations" ("id" bigserial primary key, "guest_id" integer, "party_id" integer, "created_at" timestamp NOT NULL, "updated_at" timestamp NOT NULL)[0m
  [1m[35m (1.4ms)[0m  [1m[35mCREATE  INDEX  "index_invitations_on_guest_id" ON "invitations"  ("guest_id")[0m
  [1m[35m (1.6ms)[0m  [1m[35mCREATE  INDEX  "index_invitations_on_party_id" ON "invitations"  ("party_id")[0m
  [1m[35m (0.2ms)[0m  [1m[35mDROP TABLE IF EXISTS "parties" CASCADE[0m
  [1m[35m (5.3ms)[0m  [1m[35mCREATE TABLE "parties" ("id" bigserial primary key, "name" character varying NOT NULL, "location" character varying NOT NULL, "created_at" timestamp NOT NULL, "updated_at" timestamp NOT NULL)[0m
  [1m[35m (4.8ms)[0m  [1m[35mCREATE TABLE "schema_migrations" ("version" character varying NOT NULL PRIMARY KEY)[0m
  [1m[35m (1.5ms)[0m  [1m[34mSELECT "schema_migrations"."version" FROM "schema_migrations" ORDER BY "schema_migrations"."version" ASC[0m
  [1m[35m (1.2ms)[0m  [1m[32mINSERT INTO "schema_migrations" (version) VALUES (20170714204346)[0m
  [1m[35m (0.8ms)[0m  [1m[32mINSERT INTO "schema_migrations" (version) VALUES
(20170714204119),
(20170714204225),
(20170714204315);

[0m
  [1m[35m (4.4ms)[0m  [1m[35mCREATE TABLE "ar_internal_metadata" ("key" character varying NOT NULL PRIMARY KEY, "value" character varying, "created_at" timestamp NOT NULL, "updated_at" timestamp NOT NULL)[0m
  [1m[36mActiveRecord::InternalMetadata Load (0.6ms)[0m  [1m[34mSELECT  "ar_internal_metadata".* FROM "ar_internal_metadata" WHERE "ar_internal_metadata"."key" = $1 LIMIT $2[0m  [["key", "environment"], ["LIMIT", 1]]
  [1m[35m (0.2ms)[0m  [1m[35mBEGIN[0m
  [1m[35mSQL (0.7ms)[0m  [1m[32mINSERT INTO "ar_internal_metadata" ("key", "value", "created_at", "updated_at") VALUES ($1, $2, $3, $4) RETURNING "key"[0m  [["key", "environment"], ["value", "development"], ["created_at", "2018-12-05 21:44:37.667299"], ["updated_at", "2018-12-05 21:44:37.667299"]]
  [1m[35m (0.5ms)[0m  [1m[35mCOMMIT[0m
  [1m[36mActiveRecord::InternalMetadata Load (0.4ms)[0m  [1m[34mSELECT  "ar_internal_metadata".* FROM "ar_internal_metadata" WHERE "ar_internal_metadata"."key" = $1 LIMIT $2[0m  [["key", "environment"], ["LIMIT", 1]]
  [1m[35m (0.2ms)[0m  [1m[35mBEGIN[0m
  [1m[35m (0.2ms)[0m  [1m[35mCOMMIT[0m
  [1m[35mSQL (0.8ms)[0m  [1m[35mCREATE EXTENSION IF NOT EXISTS "plpgsql"[0m
  [1m[35m (0.3ms)[0m  [1m[35mDROP TABLE IF EXISTS "gifts" CASCADE[0m
  [1m[35m (10.1ms)[0m  [1m[35mCREATE TABLE "gifts" ("id" bigserial primary key, "title" character varying NOT NULL, "description" character varying NOT NULL, "guest_id" integer NOT NULL, "created_at" timestamp NOT NULL, "updated_at" timestamp NOT NULL)[0m
  [1m[35m (1.7ms)[0m  [1m[35mCREATE  INDEX  "index_gifts_on_guest_id" ON "gifts"  ("guest_id")[0m
  [1m[35m (0.2ms)[0m  [1m[35mDROP TABLE IF EXISTS "guests" CASCADE[0m
  [1m[35m (4.9ms)[0m  [1m[35mCREATE TABLE "guests" ("id" bigserial primary key, "name" character varying NOT NULL, "age" integer NOT NULL, "favorite_color" character varying NOT NULL, "created_at" timestamp NOT NULL, "updated_at" timestamp NOT NULL)[0m
  [1m[35m (0.4ms)[0m  [1m[35mDROP TABLE IF EXISTS "invitations" CASCADE[0m
  [1m[35m (3.7ms)[0m  [1m[35mCREATE TABLE "invitations" ("id" bigserial primary key, "guest_id" integer, "party_id" integer, "created_at" timestamp NOT NULL, "updated_at" timestamp NOT NULL)[0m
  [1m[35m (1.5ms)[0m  [1m[35mCREATE  INDEX  "index_invitations_on_guest_id" ON "invitations"  ("guest_id")[0m
  [1m[35m (1.6ms)[0m  [1m[35mCREATE  INDEX  "index_invitations_on_party_id" ON "invitations"  ("party_id")[0m
  [1m[35m (0.3ms)[0m  [1m[35mDROP TABLE IF EXISTS "parties" CASCADE[0m
  [1m[35m (4.8ms)[0m  [1m[35mCREATE TABLE "parties" ("id" bigserial primary key, "name" character varying NOT NULL, "location" character varying NOT NULL, "created_at" timestamp NOT NULL, "updated_at" timestamp NOT NULL)[0m
  [1m[35m (3.8ms)[0m  [1m[35mCREATE TABLE "schema_migrations" ("version" character varying NOT NULL PRIMARY KEY)[0m
  [1m[35m (0.9ms)[0m  [1m[34mSELECT "schema_migrations"."version" FROM "schema_migrations" ORDER BY "schema_migrations"."version" ASC[0m
  [1m[35m (1.0ms)[0m  [1m[32mINSERT INTO "schema_migrations" (version) VALUES (20170714204346)[0m
  [1m[35m (0.7ms)[0m  [1m[32mINSERT INTO "schema_migrations" (version) VALUES
(20170714204119),
(20170714204225),
(20170714204315);

[0m
  [1m[35m (5.1ms)[0m  [1m[35mCREATE TABLE "ar_internal_metadata" ("key" character varying NOT NULL PRIMARY KEY, "value" character varying, "created_at" timestamp NOT NULL, "updated_at" timestamp NOT NULL)[0m
  [1m[36mActiveRecord::InternalMetadata Load (1.0ms)[0m  [1m[34mSELECT  "ar_internal_metadata".* FROM "ar_internal_metadata" WHERE "ar_internal_metadata"."key" = $1 LIMIT $2[0m  [["key", "environment"], ["LIMIT", 1]]
  [1m[35m (0.2ms)[0m  [1m[35mBEGIN[0m
  [1m[35mSQL (0.6ms)[0m  [1m[32mINSERT INTO "ar_internal_metadata" ("key", "value", "created_at", "updated_at") VALUES ($1, $2, $3, $4) RETURNING "key"[0m  [["key", "environment"], ["value", "development"], ["created_at", "2018-12-05 21:44:37.773839"], ["updated_at", "2018-12-05 21:44:37.773839"]]
  [1m[35m (0.5ms)[0m  [1m[35mCOMMIT[0m
  [1m[36mActiveRecord::InternalMetadata Load (0.3ms)[0m  [1m[34mSELECT  "ar_internal_metadata".* FROM "ar_internal_metadata" WHERE "ar_internal_metadata"."key" = $1 LIMIT $2[0m  [["key", "environment"], ["LIMIT", 1]]
  [1m[35m (0.1ms)[0m  [1m[35mBEGIN[0m
  [1m[35mSQL (0.5ms)[0m  [1m[33mUPDATE "ar_internal_metadata" SET "value" = $1, "updated_at" = $2 WHERE "ar_internal_metadata"."key" = $3[0m  [["value", "test"], ["updated_at", "2018-12-05 21:44:37.778569"], ["key", "environment"]]
  [1m[35m (0.5ms)[0m  [1m[35mCOMMIT[0m
  [1m[35m (1.2ms)[0m  [1m[34mSELECT "schema_migrations"."version" FROM "schema_migrations" ORDER BY "schema_migrations"."version" ASC[0m
  [1m[35m (0.2ms)[0m  [1m[35mBEGIN[0m
  [1m[35mSQL (1.0ms)[0m  [1m[32mINSERT INTO "guests" ("name", "age", "favorite_color", "created_at", "updated_at") VALUES ($1, $2, $3, $4, $5) RETURNING "id"[0m  [["name", "John Smith"], ["age", 45], ["favorite_color", "Blue"], ["created_at", "2018-12-05 21:44:37.868059"], ["updated_at", "2018-12-05 21:44:37.868059"]]
  [1m[35m (0.5ms)[0m  [1m[35mCOMMIT[0m
  [1m[35m (0.1ms)[0m  [1m[35mBEGIN[0m
  [1m[35mSQL (0.4ms)[0m  [1m[32mINSERT INTO "guests" ("name", "age", "favorite_color", "created_at", "updated_at") VALUES ($1, $2, $3, $4, $5) RETURNING "id"[0m  [["name", "Jane Doe"], ["age", 47], ["favorite_color", "Green"], ["created_at", "2018-12-05 21:44:37.872686"], ["updated_at", "2018-12-05 21:44:37.872686"]]
  [1m[35m (0.5ms)[0m  [1m[35mCOMMIT[0m
  [1m[35m (0.1ms)[0m  [1m[35mBEGIN[0m
  [1m[35mSQL (0.4ms)[0m  [1m[32mINSERT INTO "guests" ("name", "age", "favorite_color", "created_at", "updated_at") VALUES ($1, $2, $3, $4, $5) RETURNING "id"[0m  [["name", "Josh Brown"], ["age", 22], ["favorite_color", "Brown"], ["created_at", "2018-12-05 21:44:37.875697"], ["updated_at", "2018-12-05 21:44:37.875697"]]
  [1m[35m (0.5ms)[0m  [1m[35mCOMMIT[0m
  [1m[35m (0.1ms)[0m  [1m[35mBEGIN[0m
  [1m[35mSQL (0.4ms)[0m  [1m[32mINSERT INTO "guests" ("name", "age", "favorite_color", "created_at", "updated_at") VALUES ($1, $2, $3, $4, $5) RETURNING "id"[0m  [["name", "Helen White"], ["age", 25], ["favorite_color", "White"], ["created_at", "2018-12-05 21:44:37.878478"], ["updated_at", "2018-12-05 21:44:37.878478"]]
  [1m[35m (0.5ms)[0m  [1m[35mCOMMIT[0m
  [1m[35m (0.1ms)[0m  [1m[35mBEGIN[0m
  [1m[35mSQL (0.4ms)[0m  [1m[32mINSERT INTO "guests" ("name", "age", "favorite_color", "created_at", "updated_at") VALUES ($1, $2, $3, $4, $5) RETURNING "id"[0m  [["name", "Job Bluth"], ["age", 41], ["favorite_color", "Red"], ["created_at", "2018-12-05 21:44:37.881234"], ["updated_at", "2018-12-05 21:44:37.881234"]]
  [1m[35m (0.5ms)[0m  [1m[35mCOMMIT[0m
  [1m[35m (0.2ms)[0m  [1m[35mBEGIN[0m
  [1m[35mSQL (1.1ms)[0m  [1m[32mINSERT INTO "gifts" ("title", "description", "guest_id", "created_at", "updated_at") VALUES ($1, $2, $3, $4, $5) RETURNING "id"[0m  [["title", "A Bottle of Wine"], ["description", "This one is not so great."], ["guest_id", 1], ["created_at", "2018-12-05 21:44:37.921799"], ["updated_at", "2018-12-05 21:44:37.921799"]]
  [1m[35m (0.5ms)[0m  [1m[35mCOMMIT[0m
  [1m[35m (0.2ms)[0m  [1m[35mBEGIN[0m
  [1m[35mSQL (0.4ms)[0m  [1m[32mINSERT INTO "gifts" ("title", "description", "guest_id", "created_at", "updated_at") VALUES ($1, $2, $3, $4, $5) RETURNING "id"[0m  [["title", "Another Bottle of Wine"], ["description", "This one is not so bad."], ["guest_id", 1], ["created_at", "2018-12-05 21:44:37.925245"], ["updated_at", "2018-12-05 21:44:37.925245"]]
  [1m[35m (0.4ms)[0m  [1m[35mCOMMIT[0m
  [1m[35m (0.1ms)[0m  [1m[35mBEGIN[0m
  [1m[35mSQL (0.4ms)[0m  [1m[32mINSERT INTO "gifts" ("title", "description", "guest_id", "created_at", "updated_at") VALUES ($1, $2, $3, $4, $5) RETURNING "id"[0m  [["title", "The Hunger Games"], ["description", "A bit dark for a gift, but it's good."], ["guest_id", 2], ["created_at", "2018-12-05 21:44:37.927544"], ["updated_at", "2018-12-05 21:44:37.927544"]]
  [1m[35m (0.5ms)[0m  [1m[35mCOMMIT[0m
  [1m[35m (0.1ms)[0m  [1m[35mBEGIN[0m
  [1m[35mSQL (0.4ms)[0m  [1m[32mINSERT INTO "gifts" ("title", "description", "guest_id", "created_at", "updated_at") VALUES ($1, $2, $3, $4, $5) RETURNING "id"[0m  [["title", "Baseball Glove"], ["description", "Feel like a kid again!"], ["guest_id", 3], ["created_at", "2018-12-05 21:44:37.929841"], ["updated_at", "2018-12-05 21:44:37.929841"]]
  [1m[35m (0.4ms)[0m  [1m[35mCOMMIT[0m
  [1m[35m (0.1ms)[0m  [1m[35mBEGIN[0m
  [1m[35mSQL (0.4ms)[0m  [1m[32mINSERT INTO "gifts" ("title", "description", "guest_id", "created_at", "updated_at") VALUES ($1, $2, $3, $4, $5) RETURNING "id"[0m  [["title", "Basketball Tickets"], ["description", "The team's going 82-0 this year."], ["guest_id", 3], ["created_at", "2018-12-05 21:44:37.932130"], ["updated_at", "2018-12-05 21:44:37.932130"]]
  [1m[35m (0.4ms)[0m  [1m[35mCOMMIT[0m
  [1m[35m (0.1ms)[0m  [1m[35mBEGIN[0m
  [1m[35mSQL (0.4ms)[0m  [1m[32mINSERT INTO "gifts" ("title", "description", "guest_id", "created_at", "updated_at") VALUES ($1, $2, $3, $4, $5) RETURNING "id"[0m  [["title", "Hawaiian Getaway"], ["description", "Helen has the best gifts."], ["guest_id", 4], ["created_at", "2018-12-05 21:44:37.934372"], ["updated_at", "2018-12-05 21:44:37.934372"]]
  [1m[35m (0.4ms)[0m  [1m[35mCOMMIT[0m
  [1m[35m (0.2ms)[0m  [1m[35mBEGIN[0m
  [1m[35mSQL (0.9ms)[0m  [1m[32mINSERT INTO "parties" ("name", "location", "created_at", "updated_at") VALUES ($1, $2, $3, $4) RETURNING "id"[0m  [["name", "Secret Santa Extravaganza"], ["location", "Portland"], ["created_at", "2018-12-05 21:44:37.951934"], ["updated_at", "2018-12-05 21:44:37.951934"]]
  [1m[35m (0.5ms)[0m  [1m[35mCOMMIT[0m
  [1m[35m (0.1ms)[0m  [1m[35mBEGIN[0m
  [1m[35mSQL (0.4ms)[0m  [1m[32mINSERT INTO "parties" ("name", "location", "created_at", "updated_at") VALUES ($1, $2, $3, $4) RETURNING "id"[0m  [["name", "Charles' Christmas Party"], ["location", "San Francisco"], ["created_at", "2018-12-05 21:44:37.955164"], ["updated_at", "2018-12-05 21:44:37.955164"]]
  [1m[35m (0.4ms)[0m  [1m[35mCOMMIT[0m
  [1m[35m (0.2ms)[0m  [1m[35mBEGIN[0m
  [1m[35mSQL (1.0ms)[0m  [1m[32mINSERT INTO "invitations" ("guest_id", "party_id", "created_at", "updated_at") VALUES ($1, $2, $3, $4) RETURNING "id"[0m  [["guest_id", 1], ["party_id", 1], ["created_at", "2018-12-05 21:44:37.971395"], ["updated_at", "2018-12-05 21:44:37.971395"]]
  [1m[35m (0.6ms)[0m  [1m[35mCOMMIT[0m
  [1m[35m (0.2ms)[0m  [1m[35mBEGIN[0m
  [1m[35mSQL (0.5ms)[0m  [1m[32mINSERT INTO "invitations" ("guest_id", "party_id", "created_at", "updated_at") VALUES ($1, $2, $3, $4) RETURNING "id"[0m  [["guest_id", 2], ["party_id", 1], ["created_at", "2018-12-05 21:44:37.975219"], ["updated_at", "2018-12-05 21:44:37.975219"]]
  [1m[35m (0.5ms)[0m  [1m[35mCOMMIT[0m
  [1m[35m (0.2ms)[0m  [1m[35mBEGIN[0m
  [1m[35mSQL (0.4ms)[0m  [1m[32mINSERT INTO "invitations" ("guest_id", "party_id", "created_at", "updated_at") VALUES ($1, $2, $3, $4) RETURNING "id"[0m  [["guest_id", 3], ["party_id", 1], ["created_at", "2018-12-05 21:44:37.978414"], ["updated_at", "2018-12-05 21:44:37.978414"]]
  [1m[35m (0.5ms)[0m  [1m[35mCOMMIT[0m
  [1m[35m (0.1ms)[0m  [1m[35mBEGIN[0m
  [1m[35mSQL (0.4ms)[0m  [1m[32mINSERT INTO "invitations" ("guest_id", "party_id", "created_at", "updated_at") VALUES ($1, $2, $3, $4) RETURNING "id"[0m  [["guest_id", 4], ["party_id", 1], ["created_at", "2018-12-05 21:44:37.980949"], ["updated_at", "2018-12-05 21:44:37.980949"]]
  [1m[35m (0.5ms)[0m  [1m[35mCOMMIT[0m
  [1m[35m (0.2ms)[0m  [1m[35mBEGIN[0m
  [1m[35mSQL (0.4ms)[0m  [1m[32mINSERT INTO "invitations" ("guest_id", "party_id", "created_at", "updated_at") VALUES ($1, $2, $3, $4) RETURNING "id"[0m  [["guest_id", 5], ["party_id", 1], ["created_at", "2018-12-05 21:44:37.983547"], ["updated_at", "2018-12-05 21:44:37.983547"]]
  [1m[35m (0.4ms)[0m  [1m[35mCOMMIT[0m
  [1m[35m (0.1ms)[0m  [1m[35mBEGIN[0m
  [1m[35mSQL (0.4ms)[0m  [1m[32mINSERT INTO "invitations" ("guest_id", "party_id", "created_at", "updated_at") VALUES ($1, $2, $3, $4) RETURNING "id"[0m  [["guest_id", 3], ["party_id", 2], ["created_at", "2018-12-05 21:44:37.985868"], ["updated_at", "2018-12-05 21:44:37.985868"]]
  [1m[35m (0.4ms)[0m  [1m[35mCOMMIT[0m
  [1m[35m (0.1ms)[0m  [1m[35mBEGIN[0m
  [1m[35mSQL (0.4ms)[0m  [1m[32mINSERT INTO "invitations" ("guest_id", "party_id", "created_at", "updated_at") VALUES ($1, $2, $3, $4) RETURNING "id"[0m  [["guest_id", 4], ["party_id", 2], ["created_at", "2018-12-05 21:44:37.988133"], ["updated_at", "2018-12-05 21:44:37.988133"]]
  [1m[35m (0.9ms)[0m  [1m[35mCOMMIT[0m
